2025-02-27 17:08:38,945 [Worker-5: Loading available Gradle versions] INFO  o.e.b.c.i.u.g.PublishedGradleVersions - Gradle version information cache is up-to-date. Trying to read.
2025-02-27 17:08:55,927 [Worker-18: Importing Maven projects] INFO  o.e.m.c.i.l.LifecycleMappingFactory - Using org.eclipse.m2e.jdt.JarLifecycleMapping lifecycle mapping for MavenProject: com.example:demo:0.0.1-SNAPSHOT @ C:\Users\pc\programa\PlaySpot\PlaySpot_Eclipse\program\pom.xml.
2025-02-27 17:08:56,909 [Worker-18: Importing Maven projects] INFO  o.e.m.j.i.AbstractJavaProjectConfigurator - Adding source folder /demo/src/main/java
2025-02-27 17:08:56,912 [Worker-18: Importing Maven projects] INFO  o.e.m.j.i.AbstractJavaProjectConfigurator - Adding resource folder /demo/src/main/resources
2025-02-27 17:08:56,913 [Worker-18: Importing Maven projects] INFO  o.e.m.j.i.AbstractJavaProjectConfigurator - Adding resource folder /demo/src/main/resources
2025-02-27 17:08:56,913 [Worker-18: Importing Maven projects] INFO  o.e.m.j.i.AbstractJavaProjectConfigurator - Adding source folder /demo/src/test/java
2025-02-27 17:08:56,914 [Worker-18: Importing Maven projects] INFO  o.e.m.j.i.AbstractJavaProjectConfigurator - Adding resource folder /demo/src/test/resources
2025-02-27 17:08:57,133 [Worker-18: Importing Maven projects] INFO  o.e.m.c.i.p.ProjectConfigurationManager - Imported and configured 1 project(s) in 2 sec
2025-02-27 17:08:58,010 [Worker-19: Building] INFO  o.a.m.s.f.DefaultMavenResourcesFiltering - Copying 1 resource from src\main\resources to target\classes
2025-02-27 17:08:58,021 [Worker-19: Building] INFO  o.a.m.s.f.DefaultMavenResourcesFiltering - Copying 0 resource from src\main\resources to target\classes
2025-02-27 17:08:58,026 [Worker-19: Building] INFO  o.a.m.s.f.DefaultMavenResourcesFiltering - skip non existing resourceDirectory C:\Users\pc\programa\PlaySpot\PlaySpot_Eclipse\program\src\test\resources
2025-03-17 15:52:39,271 [Worker-6: Loading available Gradle versions] INFO  o.e.b.c.i.u.g.PublishedGradleVersions - Gradle version information cache is out-of-date. Trying to update.
2025-03-17 15:56:30,843 [Worker-13: Building] INFO  o.a.m.s.f.DefaultMavenResourcesFiltering - Copying 1 resource from src\main\resources to target\classes
2025-03-17 15:56:30,853 [Worker-13: Building] INFO  o.a.m.s.f.DefaultMavenResourcesFiltering - Copying 0 resource from src\main\resources to target\classes
2025-03-17 15:56:30,857 [Worker-13: Building] INFO  o.a.m.s.f.DefaultMavenResourcesFiltering - skip non existing resourceDirectory C:\Users\pc\programa\PlaySpot\PlaySpot_Eclipse\program\src\test\resources
2025-03-17 15:56:32,498 [Worker-19: Building] INFO  o.a.m.s.f.DefaultMavenResourcesFiltering - Copying 1 resource from src\main\resources to target\classes
2025-03-17 15:56:32,504 [Worker-19: Building] INFO  o.a.m.s.f.DefaultMavenResourcesFiltering - Copying 0 resource from src\main\resources to target\classes
2025-03-17 15:56:32,506 [Worker-19: Building] INFO  o.a.m.s.f.DefaultMavenResourcesFiltering - skip non existing resourceDirectory C:\Users\pc\programa\PlaySpot\PlaySpot_Eclipse\program\src\test\resources
2025-03-17 15:57:43,301 [Worker-9: Building] INFO  o.a.m.s.f.DefaultMavenResourcesFiltering - Copying 1 resource from src\main\resources to target\classes
2025-03-17 15:57:43,305 [Worker-9: Building] INFO  o.a.m.s.f.DefaultMavenResourcesFiltering - Copying 0 resource from src\main\resources to target\classes
2025-03-17 15:57:43,307 [Worker-9: Building] INFO  o.a.m.s.f.DefaultMavenResourcesFiltering - skip non existing resourceDirectory C:\Users\pc\programa\PlaySpot\PlaySpot_Eclipse\program\src\test\resources
2025-03-17 16:09:35,076 [Worker-24: Launching Executing test in C__Users_pc_programa_PlaySpot_PlaySpot_Eclipse_program] INFO  o.eclipse.m2e.core.internal.Bundles - getClasspathEntries(Bundle=org.eclipse.m2e.maven.runtime_3.9.900.20240824-1409 [297])
2025-03-17 16:09:35,078 [Worker-24: Launching Executing test in C__Users_pc_programa_PlaySpot_PlaySpot_Eclipse_program] INFO  o.eclipse.m2e.core.internal.Bundles - 	Entry: C:\Users\pc\.p2\pool\plugins\org.eclipse.m2e.maven.runtime_3.9.900.20240824-1409
2025-03-17 16:09:35,078 [Worker-24: Launching Executing test in C__Users_pc_programa_PlaySpot_PlaySpot_Eclipse_program] INFO  o.eclipse.m2e.core.internal.Bundles - 	Entry: C:\Users\pc\.p2\pool\plugins\org.eclipse.m2e.maven.runtime_3.9.900.20240824-1409\jars\aopalliance-1.0.jar
2025-03-17 16:09:35,078 [Worker-24: Launching Executing test in C__Users_pc_programa_PlaySpot_PlaySpot_Eclipse_program] INFO  o.eclipse.m2e.core.internal.Bundles - 	Entry: C:\Users\pc\.p2\pool\plugins\org.eclipse.m2e.maven.runtime_3.9.900.20240824-1409\jars\guice-5.1.0.jar
2025-03-17 16:09:35,078 [Worker-24: Launching Executing test in C__Users_pc_programa_PlaySpot_PlaySpot_Eclipse_program] INFO  o.eclipse.m2e.core.internal.Bundles - 	Entry: C:\Users\pc\.p2\pool\plugins\org.eclipse.m2e.maven.runtime_3.9.900.20240824-1409\jars\httpclient-4.5.14.jar
2025-03-17 16:09:35,078 [Worker-24: Launching Executing test in C__Users_pc_programa_PlaySpot_PlaySpot_Eclipse_program] INFO  o.eclipse.m2e.core.internal.Bundles - 	Entry: C:\Users\pc\.p2\pool\plugins\org.eclipse.m2e.maven.runtime_3.9.900.20240824-1409\jars\httpcore-4.4.16.jar
2025-03-17 16:09:35,079 [Worker-24: Launching Executing test in C__Users_pc_programa_PlaySpot_PlaySpot_Eclipse_program] INFO  o.eclipse.m2e.core.internal.Bundles - 	Entry: C:\Users\pc\.p2\pool\plugins\org.eclipse.m2e.maven.runtime_3.9.900.20240824-1409\jars\jansi-2.4.1.jar
2025-03-17 16:09:35,079 [Worker-24: Launching Executing test in C__Users_pc_programa_PlaySpot_PlaySpot_Eclipse_program] INFO  o.eclipse.m2e.core.internal.Bundles - 	Entry: C:\Users\pc\.p2\pool\plugins\org.eclipse.m2e.maven.runtime_3.9.900.20240824-1409\jars\jcl-over-slf4j-1.7.36.jar
2025-03-17 16:09:35,079 [Worker-24: Launching Executing test in C__Users_pc_programa_PlaySpot_PlaySpot_Eclipse_program] INFO  o.eclipse.m2e.core.internal.Bundles - 	Entry: C:\Users\pc\.p2\pool\plugins\org.eclipse.m2e.maven.runtime_3.9.900.20240824-1409\jars\maven-artifact-3.9.9.jar
2025-03-17 16:09:35,079 [Worker-24: Launching Executing test in C__Users_pc_programa_PlaySpot_PlaySpot_Eclipse_program] INFO  o.eclipse.m2e.core.internal.Bundles - 	Entry: C:\Users\pc\.p2\pool\plugins\org.eclipse.m2e.maven.runtime_3.9.900.20240824-1409\jars\maven-builder-support-3.9.9.jar
2025-03-17 16:09:35,079 [Worker-24: Launching Executing test in C__Users_pc_programa_PlaySpot_PlaySpot_Eclipse_program] INFO  o.eclipse.m2e.core.internal.Bundles - 	Entry: C:\Users\pc\.p2\pool\plugins\org.eclipse.m2e.maven.runtime_3.9.900.20240824-1409\jars\maven-compat-3.9.9.jar
2025-03-17 16:09:35,079 [Worker-24: Launching Executing test in C__Users_pc_programa_PlaySpot_PlaySpot_Eclipse_program] INFO  o.eclipse.m2e.core.internal.Bundles - 	Entry: C:\Users\pc\.p2\pool\plugins\org.eclipse.m2e.maven.runtime_3.9.900.20240824-1409\jars\maven-core-3.9.9.jar
2025-03-17 16:09:35,079 [Worker-24: Launching Executing test in C__Users_pc_programa_PlaySpot_PlaySpot_Eclipse_program] INFO  o.eclipse.m2e.core.internal.Bundles - 	Entry: C:\Users\pc\.p2\pool\plugins\org.eclipse.m2e.maven.runtime_3.9.900.20240824-1409\jars\maven-embedder-3.9.9.jar
2025-03-17 16:09:35,079 [Worker-24: Launching Executing test in C__Users_pc_programa_PlaySpot_PlaySpot_Eclipse_program] INFO  o.eclipse.m2e.core.internal.Bundles - 	Entry: C:\Users\pc\.p2\pool\plugins\org.eclipse.m2e.maven.runtime_3.9.900.20240824-1409\jars\maven-model-3.9.9.jar
2025-03-17 16:09:35,079 [Worker-24: Launching Executing test in C__Users_pc_programa_PlaySpot_PlaySpot_Eclipse_program] INFO  o.eclipse.m2e.core.internal.Bundles - 	Entry: C:\Users\pc\.p2\pool\plugins\org.eclipse.m2e.maven.runtime_3.9.900.20240824-1409\jars\maven-model-builder-3.9.9.jar
2025-03-17 16:09:35,080 [Worker-24: Launching Executing test in C__Users_pc_programa_PlaySpot_PlaySpot_Eclipse_program] INFO  o.eclipse.m2e.core.internal.Bundles - 	Entry: C:\Users\pc\.p2\pool\plugins\org.eclipse.m2e.maven.runtime_3.9.900.20240824-1409\jars\maven-plugin-api-3.9.9.jar
2025-03-17 16:09:35,080 [Worker-24: Launching Executing test in C__Users_pc_programa_PlaySpot_PlaySpot_Eclipse_program] INFO  o.eclipse.m2e.core.internal.Bundles - 	Entry: C:\Users\pc\.p2\pool\plugins\org.eclipse.m2e.maven.runtime_3.9.900.20240824-1409\jars\maven-repository-metadata-3.9.9.jar
2025-03-17 16:09:35,080 [Worker-24: Launching Executing test in C__Users_pc_programa_PlaySpot_PlaySpot_Eclipse_program] INFO  o.eclipse.m2e.core.internal.Bundles - 	Entry: C:\Users\pc\.p2\pool\plugins\org.eclipse.m2e.maven.runtime_3.9.900.20240824-1409\jars\maven-resolver-api-1.9.22.jar
2025-03-17 16:09:35,080 [Worker-24: Launching Executing test in C__Users_pc_programa_PlaySpot_PlaySpot_Eclipse_program] INFO  o.eclipse.m2e.core.internal.Bundles - 	Entry: C:\Users\pc\.p2\pool\plugins\org.eclipse.m2e.maven.runtime_3.9.900.20240824-1409\jars\maven-resolver-connector-basic-1.9.22.jar
2025-03-17 16:09:35,080 [Worker-24: Launching Executing test in C__Users_pc_programa_PlaySpot_PlaySpot_Eclipse_program] INFO  o.eclipse.m2e.core.internal.Bundles - 	Entry: C:\Users\pc\.p2\pool\plugins\org.eclipse.m2e.maven.runtime_3.9.900.20240824-1409\jars\maven-resolver-impl-1.9.22.jar
2025-03-17 16:09:35,080 [Worker-24: Launching Executing test in C__Users_pc_programa_PlaySpot_PlaySpot_Eclipse_program] INFO  o.eclipse.m2e.core.internal.Bundles - 	Entry: C:\Users\pc\.p2\pool\plugins\org.eclipse.m2e.maven.runtime_3.9.900.20240824-1409\jars\maven-resolver-named-locks-1.9.22.jar
2025-03-17 16:09:35,080 [Worker-24: Launching Executing test in C__Users_pc_programa_PlaySpot_PlaySpot_Eclipse_program] INFO  o.eclipse.m2e.core.internal.Bundles - 	Entry: C:\Users\pc\.p2\pool\plugins\org.eclipse.m2e.maven.runtime_3.9.900.20240824-1409\jars\maven-resolver-provider-3.9.9.jar
2025-03-17 16:09:35,080 [Worker-24: Launching Executing test in C__Users_pc_programa_PlaySpot_PlaySpot_Eclipse_program] INFO  o.eclipse.m2e.core.internal.Bundles - 	Entry: C:\Users\pc\.p2\pool\plugins\org.eclipse.m2e.maven.runtime_3.9.900.20240824-1409\jars\maven-resolver-spi-1.9.22.jar
2025-03-17 16:09:35,080 [Worker-24: Launching Executing test in C__Users_pc_programa_PlaySpot_PlaySpot_Eclipse_program] INFO  o.eclipse.m2e.core.internal.Bundles - 	Entry: C:\Users\pc\.p2\pool\plugins\org.eclipse.m2e.maven.runtime_3.9.900.20240824-1409\jars\maven-resolver-transport-file-1.9.22.jar
2025-03-17 16:09:35,080 [Worker-24: Launching Executing test in C__Users_pc_programa_PlaySpot_PlaySpot_Eclipse_program] INFO  o.eclipse.m2e.core.internal.Bundles - 	Entry: C:\Users\pc\.p2\pool\plugins\org.eclipse.m2e.maven.runtime_3.9.900.20240824-1409\jars\maven-resolver-transport-http-1.9.22.jar
2025-03-17 16:09:35,080 [Worker-24: Launching Executing test in C__Users_pc_programa_PlaySpot_PlaySpot_Eclipse_program] INFO  o.eclipse.m2e.core.internal.Bundles - 	Entry: C:\Users\pc\.p2\pool\plugins\org.eclipse.m2e.maven.runtime_3.9.900.20240824-1409\jars\maven-resolver-transport-wagon-1.9.22.jar
2025-03-17 16:09:35,080 [Worker-24: Launching Executing test in C__Users_pc_programa_PlaySpot_PlaySpot_Eclipse_program] INFO  o.eclipse.m2e.core.internal.Bundles - 	Entry: C:\Users\pc\.p2\pool\plugins\org.eclipse.m2e.maven.runtime_3.9.900.20240824-1409\jars\maven-resolver-util-1.9.22.jar
2025-03-17 16:09:35,081 [Worker-24: Launching Executing test in C__Users_pc_programa_PlaySpot_PlaySpot_Eclipse_program] INFO  o.eclipse.m2e.core.internal.Bundles - 	Entry: C:\Users\pc\.p2\pool\plugins\org.eclipse.m2e.maven.runtime_3.9.900.20240824-1409\jars\maven-settings-3.9.9.jar
2025-03-17 16:09:35,081 [Worker-24: Launching Executing test in C__Users_pc_programa_PlaySpot_PlaySpot_Eclipse_program] INFO  o.eclipse.m2e.core.internal.Bundles - 	Entry: C:\Users\pc\.p2\pool\plugins\org.eclipse.m2e.maven.runtime_3.9.900.20240824-1409\jars\maven-settings-builder-3.9.9.jar
2025-03-17 16:09:35,081 [Worker-24: Launching Executing test in C__Users_pc_programa_PlaySpot_PlaySpot_Eclipse_program] INFO  o.eclipse.m2e.core.internal.Bundles - 	Entry: C:\Users\pc\.p2\pool\plugins\org.eclipse.m2e.maven.runtime_3.9.900.20240824-1409\jars\maven-shared-utils-3.4.2.jar
2025-03-17 16:09:35,081 [Worker-24: Launching Executing test in C__Users_pc_programa_PlaySpot_PlaySpot_Eclipse_program] INFO  o.eclipse.m2e.core.internal.Bundles - 	Entry: C:\Users\pc\.p2\pool\plugins\org.eclipse.m2e.maven.runtime_3.9.900.20240824-1409\jars\org.eclipse.sisu.inject-0.9.0.M3.jar
2025-03-17 16:09:35,081 [Worker-24: Launching Executing test in C__Users_pc_programa_PlaySpot_PlaySpot_Eclipse_program] INFO  o.eclipse.m2e.core.internal.Bundles - 	Entry: C:\Users\pc\.p2\pool\plugins\org.eclipse.m2e.maven.runtime_3.9.900.20240824-1409\jars\org.eclipse.sisu.plexus-0.9.0.M3.jar
2025-03-17 16:09:35,081 [Worker-24: Launching Executing test in C__Users_pc_programa_PlaySpot_PlaySpot_Eclipse_program] INFO  o.eclipse.m2e.core.internal.Bundles - 	Entry: C:\Users\pc\.p2\pool\plugins\org.eclipse.m2e.maven.runtime_3.9.900.20240824-1409\jars\plexus-build-api-0.0.7.jar
2025-03-17 16:09:35,081 [Worker-24: Launching Executing test in C__Users_pc_programa_PlaySpot_PlaySpot_Eclipse_program] INFO  o.eclipse.m2e.core.internal.Bundles - 	Entry: C:\Users\pc\.p2\pool\plugins\org.eclipse.m2e.maven.runtime_3.9.900.20240824-1409\jars\plexus-build-api-1.2.0.jar
2025-03-17 16:09:35,081 [Worker-24: Launching Executing test in C__Users_pc_programa_PlaySpot_PlaySpot_Eclipse_program] INFO  o.eclipse.m2e.core.internal.Bundles - 	Entry: C:\Users\pc\.p2\pool\plugins\org.eclipse.m2e.maven.runtime_3.9.900.20240824-1409\jars\plexus-cipher-2.0.jar
2025-03-17 16:09:35,081 [Worker-24: Launching Executing test in C__Users_pc_programa_PlaySpot_PlaySpot_Eclipse_program] INFO  o.eclipse.m2e.core.internal.Bundles - 	Entry: C:\Users\pc\.p2\pool\plugins\org.eclipse.m2e.maven.runtime_3.9.900.20240824-1409\jars\plexus-classworlds-2.8.0.jar
2025-03-17 16:09:35,082 [Worker-24: Launching Executing test in C__Users_pc_programa_PlaySpot_PlaySpot_Eclipse_program] INFO  o.eclipse.m2e.core.internal.Bundles - 	Entry: C:\Users\pc\.p2\pool\plugins\org.eclipse.m2e.maven.runtime_3.9.900.20240824-1409\jars\plexus-component-annotations-2.1.0.jar
2025-03-17 16:09:35,082 [Worker-24: Launching Executing test in C__Users_pc_programa_PlaySpot_PlaySpot_Eclipse_program] INFO  o.eclipse.m2e.core.internal.Bundles - 	Entry: C:\Users\pc\.p2\pool\plugins\org.eclipse.m2e.maven.runtime_3.9.900.20240824-1409\jars\plexus-interpolation-1.27.jar
2025-03-17 16:09:35,082 [Worker-24: Launching Executing test in C__Users_pc_programa_PlaySpot_PlaySpot_Eclipse_program] INFO  o.eclipse.m2e.core.internal.Bundles - 	Entry: C:\Users\pc\.p2\pool\plugins\org.eclipse.m2e.maven.runtime_3.9.900.20240824-1409\jars\plexus-sec-dispatcher-2.0.jar
2025-03-17 16:09:35,082 [Worker-24: Launching Executing test in C__Users_pc_programa_PlaySpot_PlaySpot_Eclipse_program] INFO  o.eclipse.m2e.core.internal.Bundles - 	Entry: C:\Users\pc\.p2\pool\plugins\org.eclipse.m2e.maven.runtime_3.9.900.20240824-1409\jars\plexus-utils-3.5.1.jar
2025-03-17 16:09:35,082 [Worker-24: Launching Executing test in C__Users_pc_programa_PlaySpot_PlaySpot_Eclipse_program] INFO  o.eclipse.m2e.core.internal.Bundles - 	Entry: C:\Users\pc\.p2\pool\plugins\org.eclipse.m2e.maven.runtime_3.9.900.20240824-1409\jars\plexus-xml-3.0.1.jar
2025-03-17 16:09:35,082 [Worker-24: Launching Executing test in C__Users_pc_programa_PlaySpot_PlaySpot_Eclipse_program] INFO  o.eclipse.m2e.core.internal.Bundles - 	Entry: C:\Users\pc\.p2\pool\plugins\org.eclipse.m2e.maven.runtime_3.9.900.20240824-1409\jars\wagon-file-3.5.3.jar
2025-03-17 16:09:35,082 [Worker-24: Launching Executing test in C__Users_pc_programa_PlaySpot_PlaySpot_Eclipse_program] INFO  o.eclipse.m2e.core.internal.Bundles - 	Entry: C:\Users\pc\.p2\pool\plugins\org.eclipse.m2e.maven.runtime_3.9.900.20240824-1409\jars\wagon-http-3.5.3.jar
2025-03-17 16:09:35,082 [Worker-24: Launching Executing test in C__Users_pc_programa_PlaySpot_PlaySpot_Eclipse_program] INFO  o.eclipse.m2e.core.internal.Bundles - 	Entry: C:\Users\pc\.p2\pool\plugins\org.eclipse.m2e.maven.runtime_3.9.900.20240824-1409\jars\wagon-http-shared-3.5.3.jar
2025-03-17 16:09:35,082 [Worker-24: Launching Executing test in C__Users_pc_programa_PlaySpot_PlaySpot_Eclipse_program] INFO  o.eclipse.m2e.core.internal.Bundles - 	Entry: C:\Users\pc\.p2\pool\plugins\org.eclipse.m2e.maven.runtime_3.9.900.20240824-1409\jars\wagon-provider-api-3.5.3.jar
2025-03-17 16:09:35,084 [Worker-24: Launching Executing test in C__Users_pc_programa_PlaySpot_PlaySpot_Eclipse_program] INFO  o.eclipse.m2e.core.internal.Bundles - getClasspathEntries(Bundle=com.google.guava_33.3.0.jre [10])
2025-03-17 16:09:35,084 [Worker-24: Launching Executing test in C__Users_pc_programa_PlaySpot_PlaySpot_Eclipse_program] INFO  o.eclipse.m2e.core.internal.Bundles - 	Entry: C:\Users\pc\.p2\pool\plugins\com.google.guava_33.3.0.jre.jar
2025-03-17 16:09:35,084 [Worker-24: Launching Executing test in C__Users_pc_programa_PlaySpot_PlaySpot_Eclipse_program] INFO  o.eclipse.m2e.core.internal.Bundles - getClasspathEntries(Bundle=slf4j.api_2.0.16 [519])
2025-03-17 16:09:35,084 [Worker-24: Launching Executing test in C__Users_pc_programa_PlaySpot_PlaySpot_Eclipse_program] INFO  o.eclipse.m2e.core.internal.Bundles - 	Entry: C:\Users\pc\.p2\pool\plugins\slf4j.api_2.0.16.jar
2025-03-17 16:09:35,084 [Worker-24: Launching Executing test in C__Users_pc_programa_PlaySpot_PlaySpot_Eclipse_program] INFO  o.eclipse.m2e.core.internal.Bundles - getClasspathEntries(Bundle=jakarta.inject.jakarta.inject-api_1.0.5 [22])
2025-03-17 16:09:35,085 [Worker-24: Launching Executing test in C__Users_pc_programa_PlaySpot_PlaySpot_Eclipse_program] INFO  o.eclipse.m2e.core.internal.Bundles - 	Entry: C:\Users\pc\.p2\pool\plugins\jakarta.inject.jakarta.inject-api_1.0.5.jar
2025-03-17 16:09:35,085 [Worker-24: Launching Executing test in C__Users_pc_programa_PlaySpot_PlaySpot_Eclipse_program] INFO  o.eclipse.m2e.core.internal.Bundles - getClasspathEntries(Bundle=jakarta.annotation-api_1.3.5 [20])
2025-03-17 16:09:35,085 [Worker-24: Launching Executing test in C__Users_pc_programa_PlaySpot_PlaySpot_Eclipse_program] INFO  o.eclipse.m2e.core.internal.Bundles - 	Entry: C:\Users\pc\.p2\pool\plugins\jakarta.annotation-api_1.3.5.jar
2025-03-17 16:09:35,085 [Worker-24: Launching Executing test in C__Users_pc_programa_PlaySpot_PlaySpot_Eclipse_program] INFO  o.eclipse.m2e.core.internal.Bundles - getClasspathEntries(Bundle=org.apache.commons.cli_1.9.0 [47])
2025-03-17 16:09:35,085 [Worker-24: Launching Executing test in C__Users_pc_programa_PlaySpot_PlaySpot_Eclipse_program] INFO  o.eclipse.m2e.core.internal.Bundles - 	Entry: C:\Users\pc\.p2\pool\plugins\org.apache.commons.cli_1.9.0.jar
2025-03-17 16:09:35,085 [Worker-24: Launching Executing test in C__Users_pc_programa_PlaySpot_PlaySpot_Eclipse_program] INFO  o.eclipse.m2e.core.internal.Bundles - getClasspathEntries(Bundle=org.apache.commons.commons-codec_1.16.0 [50])
2025-03-17 16:09:35,085 [Worker-24: Launching Executing test in C__Users_pc_programa_PlaySpot_PlaySpot_Eclipse_program] INFO  o.eclipse.m2e.core.internal.Bundles - 	Entry: C:\Users\pc\.p2\pool\plugins\org.apache.commons.commons-codec_1.16.0.jar
2025-03-17 16:09:35,085 [Worker-24: Launching Executing test in C__Users_pc_programa_PlaySpot_PlaySpot_Eclipse_program] INFO  o.eclipse.m2e.core.internal.Bundles - getClasspathEntries(Bundle=com.google.guava.failureaccess_1.0.2 [11])
2025-03-17 16:09:35,086 [Worker-24: Launching Executing test in C__Users_pc_programa_PlaySpot_PlaySpot_Eclipse_program] INFO  o.eclipse.m2e.core.internal.Bundles - 	Entry: C:\Users\pc\.p2\pool\plugins\com.google.guava.failureaccess_1.0.2.jar
2025-03-17 16:09:35,088 [Worker-24: Launching Executing test in C__Users_pc_programa_PlaySpot_PlaySpot_Eclipse_program] INFO  o.e.m.i.launch.MavenLaunchDelegate - Run build in "C:\Users\pc\programa\PlaySpot\PlaySpot_Eclipse\program":
2025-03-17 16:09:35,089 [Worker-24: Launching Executing test in C__Users_pc_programa_PlaySpot_PlaySpot_Eclipse_program] INFO  o.e.m.i.launch.MavenLaunchDelegate -  mvn  -B -Dstyle.color=always test
2025-03-17 16:20:11,143 [main] INFO  o.e.m2e.actions.ExecutePomAction - Creating new launch configuration
2025-03-17 16:20:15,531 [Worker-9: Launching program] INFO  o.eclipse.m2e.core.internal.Bundles - getClasspathEntries(Bundle=org.eclipse.m2e.maven.runtime_3.9.900.20240824-1409 [297])
2025-03-17 16:20:15,531 [Worker-9: Launching program] INFO  o.eclipse.m2e.core.internal.Bundles - 	Entry: C:\Users\pc\.p2\pool\plugins\org.eclipse.m2e.maven.runtime_3.9.900.20240824-1409
2025-03-17 16:20:15,531 [Worker-9: Launching program] INFO  o.eclipse.m2e.core.internal.Bundles - 	Entry: C:\Users\pc\.p2\pool\plugins\org.eclipse.m2e.maven.runtime_3.9.900.20240824-1409\jars\aopalliance-1.0.jar
2025-03-17 16:20:15,531 [Worker-9: Launching program] INFO  o.eclipse.m2e.core.internal.Bundles - 	Entry: C:\Users\pc\.p2\pool\plugins\org.eclipse.m2e.maven.runtime_3.9.900.20240824-1409\jars\guice-5.1.0.jar
2025-03-17 16:20:15,532 [Worker-9: Launching program] INFO  o.eclipse.m2e.core.internal.Bundles - 	Entry: C:\Users\pc\.p2\pool\plugins\org.eclipse.m2e.maven.runtime_3.9.900.20240824-1409\jars\httpclient-4.5.14.jar
2025-03-17 16:20:15,532 [Worker-9: Launching program] INFO  o.eclipse.m2e.core.internal.Bundles - 	Entry: C:\Users\pc\.p2\pool\plugins\org.eclipse.m2e.maven.runtime_3.9.900.20240824-1409\jars\httpcore-4.4.16.jar
2025-03-17 16:20:15,532 [Worker-9: Launching program] INFO  o.eclipse.m2e.core.internal.Bundles - 	Entry: C:\Users\pc\.p2\pool\plugins\org.eclipse.m2e.maven.runtime_3.9.900.20240824-1409\jars\jansi-2.4.1.jar
2025-03-17 16:20:15,532 [Worker-9: Launching program] INFO  o.eclipse.m2e.core.internal.Bundles - 	Entry: C:\Users\pc\.p2\pool\plugins\org.eclipse.m2e.maven.runtime_3.9.900.20240824-1409\jars\jcl-over-slf4j-1.7.36.jar
2025-03-17 16:20:15,532 [Worker-9: Launching program] INFO  o.eclipse.m2e.core.internal.Bundles - 	Entry: C:\Users\pc\.p2\pool\plugins\org.eclipse.m2e.maven.runtime_3.9.900.20240824-1409\jars\maven-artifact-3.9.9.jar
2025-03-17 16:20:15,532 [Worker-9: Launching program] INFO  o.eclipse.m2e.core.internal.Bundles - 	Entry: C:\Users\pc\.p2\pool\plugins\org.eclipse.m2e.maven.runtime_3.9.900.20240824-1409\jars\maven-builder-support-3.9.9.jar
2025-03-17 16:20:15,532 [Worker-9: Launching program] INFO  o.eclipse.m2e.core.internal.Bundles - 	Entry: C:\Users\pc\.p2\pool\plugins\org.eclipse.m2e.maven.runtime_3.9.900.20240824-1409\jars\maven-compat-3.9.9.jar
2025-03-17 16:20:15,532 [Worker-9: Launching program] INFO  o.eclipse.m2e.core.internal.Bundles - 	Entry: C:\Users\pc\.p2\pool\plugins\org.eclipse.m2e.maven.runtime_3.9.900.20240824-1409\jars\maven-core-3.9.9.jar
2025-03-17 16:20:15,532 [Worker-9: Launching program] INFO  o.eclipse.m2e.core.internal.Bundles - 	Entry: C:\Users\pc\.p2\pool\plugins\org.eclipse.m2e.maven.runtime_3.9.900.20240824-1409\jars\maven-embedder-3.9.9.jar
2025-03-17 16:20:15,533 [Worker-9: Launching program] INFO  o.eclipse.m2e.core.internal.Bundles - 	Entry: C:\Users\pc\.p2\pool\plugins\org.eclipse.m2e.maven.runtime_3.9.900.20240824-1409\jars\maven-model-3.9.9.jar
2025-03-17 16:20:15,533 [Worker-9: Launching program] INFO  o.eclipse.m2e.core.internal.Bundles - 	Entry: C:\Users\pc\.p2\pool\plugins\org.eclipse.m2e.maven.runtime_3.9.900.20240824-1409\jars\maven-model-builder-3.9.9.jar
2025-03-17 16:20:15,533 [Worker-9: Launching program] INFO  o.eclipse.m2e.core.internal.Bundles - 	Entry: C:\Users\pc\.p2\pool\plugins\org.eclipse.m2e.maven.runtime_3.9.900.20240824-1409\jars\maven-plugin-api-3.9.9.jar
2025-03-17 16:20:15,533 [Worker-9: Launching program] INFO  o.eclipse.m2e.core.internal.Bundles - 	Entry: C:\Users\pc\.p2\pool\plugins\org.eclipse.m2e.maven.runtime_3.9.900.20240824-1409\jars\maven-repository-metadata-3.9.9.jar
2025-03-17 16:20:15,533 [Worker-9: Launching program] INFO  o.eclipse.m2e.core.internal.Bundles - 	Entry: C:\Users\pc\.p2\pool\plugins\org.eclipse.m2e.maven.runtime_3.9.900.20240824-1409\jars\maven-resolver-api-1.9.22.jar
2025-03-17 16:20:15,533 [Worker-9: Launching program] INFO  o.eclipse.m2e.core.internal.Bundles - 	Entry: C:\Users\pc\.p2\pool\plugins\org.eclipse.m2e.maven.runtime_3.9.900.20240824-1409\jars\maven-resolver-connector-basic-1.9.22.jar
2025-03-17 16:20:15,533 [Worker-9: Launching program] INFO  o.eclipse.m2e.core.internal.Bundles - 	Entry: C:\Users\pc\.p2\pool\plugins\org.eclipse.m2e.maven.runtime_3.9.900.20240824-1409\jars\maven-resolver-impl-1.9.22.jar
2025-03-17 16:20:15,533 [Worker-9: Launching program] INFO  o.eclipse.m2e.core.internal.Bundles - 	Entry: C:\Users\pc\.p2\pool\plugins\org.eclipse.m2e.maven.runtime_3.9.900.20240824-1409\jars\maven-resolver-named-locks-1.9.22.jar
2025-03-17 16:20:15,533 [Worker-9: Launching program] INFO  o.eclipse.m2e.core.internal.Bundles - 	Entry: C:\Users\pc\.p2\pool\plugins\org.eclipse.m2e.maven.runtime_3.9.900.20240824-1409\jars\maven-resolver-provider-3.9.9.jar
2025-03-17 16:20:15,533 [Worker-9: Launching program] INFO  o.eclipse.m2e.core.internal.Bundles - 	Entry: C:\Users\pc\.p2\pool\plugins\org.eclipse.m2e.maven.runtime_3.9.900.20240824-1409\jars\maven-resolver-spi-1.9.22.jar
2025-03-17 16:20:15,534 [Worker-9: Launching program] INFO  o.eclipse.m2e.core.internal.Bundles - 	Entry: C:\Users\pc\.p2\pool\plugins\org.eclipse.m2e.maven.runtime_3.9.900.20240824-1409\jars\maven-resolver-transport-file-1.9.22.jar
2025-03-17 16:20:15,534 [Worker-9: Launching program] INFO  o.eclipse.m2e.core.internal.Bundles - 	Entry: C:\Users\pc\.p2\pool\plugins\org.eclipse.m2e.maven.runtime_3.9.900.20240824-1409\jars\maven-resolver-transport-http-1.9.22.jar
2025-03-17 16:20:15,534 [Worker-9: Launching program] INFO  o.eclipse.m2e.core.internal.Bundles - 	Entry: C:\Users\pc\.p2\pool\plugins\org.eclipse.m2e.maven.runtime_3.9.900.20240824-1409\jars\maven-resolver-transport-wagon-1.9.22.jar
2025-03-17 16:20:15,534 [Worker-9: Launching program] INFO  o.eclipse.m2e.core.internal.Bundles - 	Entry: C:\Users\pc\.p2\pool\plugins\org.eclipse.m2e.maven.runtime_3.9.900.20240824-1409\jars\maven-resolver-util-1.9.22.jar
2025-03-17 16:20:15,534 [Worker-9: Launching program] INFO  o.eclipse.m2e.core.internal.Bundles - 	Entry: C:\Users\pc\.p2\pool\plugins\org.eclipse.m2e.maven.runtime_3.9.900.20240824-1409\jars\maven-settings-3.9.9.jar
2025-03-17 16:20:15,534 [Worker-9: Launching program] INFO  o.eclipse.m2e.core.internal.Bundles - 	Entry: C:\Users\pc\.p2\pool\plugins\org.eclipse.m2e.maven.runtime_3.9.900.20240824-1409\jars\maven-settings-builder-3.9.9.jar
2025-03-17 16:20:15,534 [Worker-9: Launching program] INFO  o.eclipse.m2e.core.internal.Bundles - 	Entry: C:\Users\pc\.p2\pool\plugins\org.eclipse.m2e.maven.runtime_3.9.900.20240824-1409\jars\maven-shared-utils-3.4.2.jar
2025-03-17 16:20:15,534 [Worker-9: Launching program] INFO  o.eclipse.m2e.core.internal.Bundles - 	Entry: C:\Users\pc\.p2\pool\plugins\org.eclipse.m2e.maven.runtime_3.9.900.20240824-1409\jars\org.eclipse.sisu.inject-0.9.0.M3.jar
2025-03-17 16:20:15,534 [Worker-9: Launching program] INFO  o.eclipse.m2e.core.internal.Bundles - 	Entry: C:\Users\pc\.p2\pool\plugins\org.eclipse.m2e.maven.runtime_3.9.900.20240824-1409\jars\org.eclipse.sisu.plexus-0.9.0.M3.jar
2025-03-17 16:20:15,535 [Worker-9: Launching program] INFO  o.eclipse.m2e.core.internal.Bundles - 	Entry: C:\Users\pc\.p2\pool\plugins\org.eclipse.m2e.maven.runtime_3.9.900.20240824-1409\jars\plexus-build-api-0.0.7.jar
2025-03-17 16:20:15,535 [Worker-9: Launching program] INFO  o.eclipse.m2e.core.internal.Bundles - 	Entry: C:\Users\pc\.p2\pool\plugins\org.eclipse.m2e.maven.runtime_3.9.900.20240824-1409\jars\plexus-build-api-1.2.0.jar
2025-03-17 16:20:15,535 [Worker-9: Launching program] INFO  o.eclipse.m2e.core.internal.Bundles - 	Entry: C:\Users\pc\.p2\pool\plugins\org.eclipse.m2e.maven.runtime_3.9.900.20240824-1409\jars\plexus-cipher-2.0.jar
2025-03-17 16:20:15,535 [Worker-9: Launching program] INFO  o.eclipse.m2e.core.internal.Bundles - 	Entry: C:\Users\pc\.p2\pool\plugins\org.eclipse.m2e.maven.runtime_3.9.900.20240824-1409\jars\plexus-classworlds-2.8.0.jar
2025-03-17 16:20:15,535 [Worker-9: Launching program] INFO  o.eclipse.m2e.core.internal.Bundles - 	Entry: C:\Users\pc\.p2\pool\plugins\org.eclipse.m2e.maven.runtime_3.9.900.20240824-1409\jars\plexus-component-annotations-2.1.0.jar
2025-03-17 16:20:15,535 [Worker-9: Launching program] INFO  o.eclipse.m2e.core.internal.Bundles - 	Entry: C:\Users\pc\.p2\pool\plugins\org.eclipse.m2e.maven.runtime_3.9.900.20240824-1409\jars\plexus-interpolation-1.27.jar
2025-03-17 16:20:15,535 [Worker-9: Launching program] INFO  o.eclipse.m2e.core.internal.Bundles - 	Entry: C:\Users\pc\.p2\pool\plugins\org.eclipse.m2e.maven.runtime_3.9.900.20240824-1409\jars\plexus-sec-dispatcher-2.0.jar
2025-03-17 16:20:15,535 [Worker-9: Launching program] INFO  o.eclipse.m2e.core.internal.Bundles - 	Entry: C:\Users\pc\.p2\pool\plugins\org.eclipse.m2e.maven.runtime_3.9.900.20240824-1409\jars\plexus-utils-3.5.1.jar
2025-03-17 16:20:15,535 [Worker-9: Launching program] INFO  o.eclipse.m2e.core.internal.Bundles - 	Entry: C:\Users\pc\.p2\pool\plugins\org.eclipse.m2e.maven.runtime_3.9.900.20240824-1409\jars\plexus-xml-3.0.1.jar
2025-03-17 16:20:15,535 [Worker-9: Launching program] INFO  o.eclipse.m2e.core.internal.Bundles - 	Entry: C:\Users\pc\.p2\pool\plugins\org.eclipse.m2e.maven.runtime_3.9.900.20240824-1409\jars\wagon-file-3.5.3.jar
2025-03-17 16:20:15,536 [Worker-9: Launching program] INFO  o.eclipse.m2e.core.internal.Bundles - 	Entry: C:\Users\pc\.p2\pool\plugins\org.eclipse.m2e.maven.runtime_3.9.900.20240824-1409\jars\wagon-http-3.5.3.jar
2025-03-17 16:20:15,536 [Worker-9: Launching program] INFO  o.eclipse.m2e.core.internal.Bundles - 	Entry: C:\Users\pc\.p2\pool\plugins\org.eclipse.m2e.maven.runtime_3.9.900.20240824-1409\jars\wagon-http-shared-3.5.3.jar
2025-03-17 16:20:15,536 [Worker-9: Launching program] INFO  o.eclipse.m2e.core.internal.Bundles - 	Entry: C:\Users\pc\.p2\pool\plugins\org.eclipse.m2e.maven.runtime_3.9.900.20240824-1409\jars\wagon-provider-api-3.5.3.jar
2025-03-17 16:20:15,536 [Worker-9: Launching program] INFO  o.eclipse.m2e.core.internal.Bundles - getClasspathEntries(Bundle=com.google.guava_33.3.0.jre [10])
2025-03-17 16:20:15,536 [Worker-9: Launching program] INFO  o.eclipse.m2e.core.internal.Bundles - 	Entry: C:\Users\pc\.p2\pool\plugins\com.google.guava_33.3.0.jre.jar
2025-03-17 16:20:15,536 [Worker-9: Launching program] INFO  o.eclipse.m2e.core.internal.Bundles - getClasspathEntries(Bundle=slf4j.api_2.0.16 [519])
2025-03-17 16:20:15,536 [Worker-9: Launching program] INFO  o.eclipse.m2e.core.internal.Bundles - 	Entry: C:\Users\pc\.p2\pool\plugins\slf4j.api_2.0.16.jar
2025-03-17 16:20:15,536 [Worker-9: Launching program] INFO  o.eclipse.m2e.core.internal.Bundles - getClasspathEntries(Bundle=jakarta.inject.jakarta.inject-api_1.0.5 [22])
2025-03-17 16:20:15,536 [Worker-9: Launching program] INFO  o.eclipse.m2e.core.internal.Bundles - 	Entry: C:\Users\pc\.p2\pool\plugins\jakarta.inject.jakarta.inject-api_1.0.5.jar
2025-03-17 16:20:15,536 [Worker-9: Launching program] INFO  o.eclipse.m2e.core.internal.Bundles - getClasspathEntries(Bundle=jakarta.annotation-api_1.3.5 [20])
2025-03-17 16:20:15,536 [Worker-9: Launching program] INFO  o.eclipse.m2e.core.internal.Bundles - 	Entry: C:\Users\pc\.p2\pool\plugins\jakarta.annotation-api_1.3.5.jar
2025-03-17 16:20:15,537 [Worker-9: Launching program] INFO  o.eclipse.m2e.core.internal.Bundles - getClasspathEntries(Bundle=org.apache.commons.cli_1.9.0 [47])
2025-03-17 16:20:15,537 [Worker-9: Launching program] INFO  o.eclipse.m2e.core.internal.Bundles - 	Entry: C:\Users\pc\.p2\pool\plugins\org.apache.commons.cli_1.9.0.jar
2025-03-17 16:20:15,537 [Worker-9: Launching program] INFO  o.eclipse.m2e.core.internal.Bundles - getClasspathEntries(Bundle=org.apache.commons.commons-codec_1.16.0 [50])
2025-03-17 16:20:15,537 [Worker-9: Launching program] INFO  o.eclipse.m2e.core.internal.Bundles - 	Entry: C:\Users\pc\.p2\pool\plugins\org.apache.commons.commons-codec_1.16.0.jar
2025-03-17 16:20:15,537 [Worker-9: Launching program] INFO  o.eclipse.m2e.core.internal.Bundles - getClasspathEntries(Bundle=com.google.guava.failureaccess_1.0.2 [11])
2025-03-17 16:20:15,537 [Worker-9: Launching program] INFO  o.eclipse.m2e.core.internal.Bundles - 	Entry: C:\Users\pc\.p2\pool\plugins\com.google.guava.failureaccess_1.0.2.jar
2025-03-17 16:20:15,538 [Worker-9: Launching program] INFO  o.e.m.i.launch.MavenLaunchDelegate - Run build in "C:\Users\pc\programa\PlaySpot\PlaySpot_Eclipse\program":
2025-03-17 16:20:15,539 [Worker-9: Launching program] INFO  o.e.m.i.launch.MavenLaunchDelegate -  mvn  -B -Dstyle.color=always 
2025-03-17 16:21:55,670 [Worker-45: Building] INFO  o.a.m.s.f.DefaultMavenResourcesFiltering - Copying 1 resource from src\main\resources to target\classes
2025-03-17 16:21:55,674 [Worker-45: Building] INFO  o.a.m.s.f.DefaultMavenResourcesFiltering - Copying 0 resource from src\main\resources to target\classes
2025-03-17 16:21:55,678 [Worker-45: Building] INFO  o.a.m.s.f.DefaultMavenResourcesFiltering - skip non existing resourceDirectory C:\Users\pc\programa\PlaySpot\PlaySpot_Eclipse\program\src\test\resources
2025-03-17 16:22:35,328 [Worker-9: Building] INFO  o.a.m.s.f.DefaultMavenResourcesFiltering - Copying 1 resource from src\main\resources to target\classes
2025-03-17 16:22:35,335 [Worker-9: Building] INFO  o.a.m.s.f.DefaultMavenResourcesFiltering - Copying 0 resource from src\main\resources to target\classes
2025-03-17 16:22:35,339 [Worker-9: Building] INFO  o.a.m.s.f.DefaultMavenResourcesFiltering - skip non existing resourceDirectory C:\Users\pc\programa\PlaySpot\PlaySpot_Eclipse\program\src\test\resources
2025-03-17 16:29:12,392 [Worker-46: Building] INFO  o.a.m.s.f.DefaultMavenResourcesFiltering - Copying 1 resource from src\main\resources to target\classes
2025-03-17 16:29:12,396 [Worker-46: Building] INFO  o.a.m.s.f.DefaultMavenResourcesFiltering - Copying 0 resource from src\main\resources to target\classes
2025-03-17 16:29:12,403 [Worker-46: Building] INFO  o.a.m.s.f.DefaultMavenResourcesFiltering - skip non existing resourceDirectory C:\Users\pc\programa\PlaySpot\PlaySpot_Eclipse\program\src\test\resources
2025-03-17 16:38:07,690 [Worker-48: Launching Executing test in C__Users_pc_programa_PlaySpot_PlaySpot_Eclipse_program] INFO  o.eclipse.m2e.core.internal.Bundles - getClasspathEntries(Bundle=org.eclipse.m2e.maven.runtime_3.9.900.20240824-1409 [297])
2025-03-17 16:38:07,692 [Worker-48: Launching Executing test in C__Users_pc_programa_PlaySpot_PlaySpot_Eclipse_program] INFO  o.eclipse.m2e.core.internal.Bundles - 	Entry: C:\Users\pc\.p2\pool\plugins\org.eclipse.m2e.maven.runtime_3.9.900.20240824-1409
2025-03-17 16:38:07,692 [Worker-48: Launching Executing test in C__Users_pc_programa_PlaySpot_PlaySpot_Eclipse_program] INFO  o.eclipse.m2e.core.internal.Bundles - 	Entry: C:\Users\pc\.p2\pool\plugins\org.eclipse.m2e.maven.runtime_3.9.900.20240824-1409\jars\aopalliance-1.0.jar
2025-03-17 16:38:07,692 [Worker-48: Launching Executing test in C__Users_pc_programa_PlaySpot_PlaySpot_Eclipse_program] INFO  o.eclipse.m2e.core.internal.Bundles - 	Entry: C:\Users\pc\.p2\pool\plugins\org.eclipse.m2e.maven.runtime_3.9.900.20240824-1409\jars\guice-5.1.0.jar
2025-03-17 16:38:07,692 [Worker-48: Launching Executing test in C__Users_pc_programa_PlaySpot_PlaySpot_Eclipse_program] INFO  o.eclipse.m2e.core.internal.Bundles - 	Entry: C:\Users\pc\.p2\pool\plugins\org.eclipse.m2e.maven.runtime_3.9.900.20240824-1409\jars\httpclient-4.5.14.jar
2025-03-17 16:38:07,692 [Worker-48: Launching Executing test in C__Users_pc_programa_PlaySpot_PlaySpot_Eclipse_program] INFO  o.eclipse.m2e.core.internal.Bundles - 	Entry: C:\Users\pc\.p2\pool\plugins\org.eclipse.m2e.maven.runtime_3.9.900.20240824-1409\jars\httpcore-4.4.16.jar
2025-03-17 16:38:07,692 [Worker-48: Launching Executing test in C__Users_pc_programa_PlaySpot_PlaySpot_Eclipse_program] INFO  o.eclipse.m2e.core.internal.Bundles - 	Entry: C:\Users\pc\.p2\pool\plugins\org.eclipse.m2e.maven.runtime_3.9.900.20240824-1409\jars\jansi-2.4.1.jar
2025-03-17 16:38:07,692 [Worker-48: Launching Executing test in C__Users_pc_programa_PlaySpot_PlaySpot_Eclipse_program] INFO  o.eclipse.m2e.core.internal.Bundles - 	Entry: C:\Users\pc\.p2\pool\plugins\org.eclipse.m2e.maven.runtime_3.9.900.20240824-1409\jars\jcl-over-slf4j-1.7.36.jar
2025-03-17 16:38:07,692 [Worker-48: Launching Executing test in C__Users_pc_programa_PlaySpot_PlaySpot_Eclipse_program] INFO  o.eclipse.m2e.core.internal.Bundles - 	Entry: C:\Users\pc\.p2\pool\plugins\org.eclipse.m2e.maven.runtime_3.9.900.20240824-1409\jars\maven-artifact-3.9.9.jar
2025-03-17 16:38:07,693 [Worker-48: Launching Executing test in C__Users_pc_programa_PlaySpot_PlaySpot_Eclipse_program] INFO  o.eclipse.m2e.core.internal.Bundles - 	Entry: C:\Users\pc\.p2\pool\plugins\org.eclipse.m2e.maven.runtime_3.9.900.20240824-1409\jars\maven-builder-support-3.9.9.jar
2025-03-17 16:38:07,693 [Worker-48: Launching Executing test in C__Users_pc_programa_PlaySpot_PlaySpot_Eclipse_program] INFO  o.eclipse.m2e.core.internal.Bundles - 	Entry: C:\Users\pc\.p2\pool\plugins\org.eclipse.m2e.maven.runtime_3.9.900.20240824-1409\jars\maven-compat-3.9.9.jar
2025-03-17 16:38:07,693 [Worker-48: Launching Executing test in C__Users_pc_programa_PlaySpot_PlaySpot_Eclipse_program] INFO  o.eclipse.m2e.core.internal.Bundles - 	Entry: C:\Users\pc\.p2\pool\plugins\org.eclipse.m2e.maven.runtime_3.9.900.20240824-1409\jars\maven-core-3.9.9.jar
2025-03-17 16:38:07,693 [Worker-48: Launching Executing test in C__Users_pc_programa_PlaySpot_PlaySpot_Eclipse_program] INFO  o.eclipse.m2e.core.internal.Bundles - 	Entry: C:\Users\pc\.p2\pool\plugins\org.eclipse.m2e.maven.runtime_3.9.900.20240824-1409\jars\maven-embedder-3.9.9.jar
2025-03-17 16:38:07,693 [Worker-48: Launching Executing test in C__Users_pc_programa_PlaySpot_PlaySpot_Eclipse_program] INFO  o.eclipse.m2e.core.internal.Bundles - 	Entry: C:\Users\pc\.p2\pool\plugins\org.eclipse.m2e.maven.runtime_3.9.900.20240824-1409\jars\maven-model-3.9.9.jar
2025-03-17 16:38:07,693 [Worker-48: Launching Executing test in C__Users_pc_programa_PlaySpot_PlaySpot_Eclipse_program] INFO  o.eclipse.m2e.core.internal.Bundles - 	Entry: C:\Users\pc\.p2\pool\plugins\org.eclipse.m2e.maven.runtime_3.9.900.20240824-1409\jars\maven-model-builder-3.9.9.jar
2025-03-17 16:38:07,693 [Worker-48: Launching Executing test in C__Users_pc_programa_PlaySpot_PlaySpot_Eclipse_program] INFO  o.eclipse.m2e.core.internal.Bundles - 	Entry: C:\Users\pc\.p2\pool\plugins\org.eclipse.m2e.maven.runtime_3.9.900.20240824-1409\jars\maven-plugin-api-3.9.9.jar
2025-03-17 16:38:07,693 [Worker-48: Launching Executing test in C__Users_pc_programa_PlaySpot_PlaySpot_Eclipse_program] INFO  o.eclipse.m2e.core.internal.Bundles - 	Entry: C:\Users\pc\.p2\pool\plugins\org.eclipse.m2e.maven.runtime_3.9.900.20240824-1409\jars\maven-repository-metadata-3.9.9.jar
2025-03-17 16:38:07,694 [Worker-48: Launching Executing test in C__Users_pc_programa_PlaySpot_PlaySpot_Eclipse_program] INFO  o.eclipse.m2e.core.internal.Bundles - 	Entry: C:\Users\pc\.p2\pool\plugins\org.eclipse.m2e.maven.runtime_3.9.900.20240824-1409\jars\maven-resolver-api-1.9.22.jar
2025-03-17 16:38:07,694 [Worker-48: Launching Executing test in C__Users_pc_programa_PlaySpot_PlaySpot_Eclipse_program] INFO  o.eclipse.m2e.core.internal.Bundles - 	Entry: C:\Users\pc\.p2\pool\plugins\org.eclipse.m2e.maven.runtime_3.9.900.20240824-1409\jars\maven-resolver-connector-basic-1.9.22.jar
2025-03-17 16:38:07,694 [Worker-48: Launching Executing test in C__Users_pc_programa_PlaySpot_PlaySpot_Eclipse_program] INFO  o.eclipse.m2e.core.internal.Bundles - 	Entry: C:\Users\pc\.p2\pool\plugins\org.eclipse.m2e.maven.runtime_3.9.900.20240824-1409\jars\maven-resolver-impl-1.9.22.jar
2025-03-17 16:38:07,694 [Worker-48: Launching Executing test in C__Users_pc_programa_PlaySpot_PlaySpot_Eclipse_program] INFO  o.eclipse.m2e.core.internal.Bundles - 	Entry: C:\Users\pc\.p2\pool\plugins\org.eclipse.m2e.maven.runtime_3.9.900.20240824-1409\jars\maven-resolver-named-locks-1.9.22.jar
2025-03-17 16:38:07,694 [Worker-48: Launching Executing test in C__Users_pc_programa_PlaySpot_PlaySpot_Eclipse_program] INFO  o.eclipse.m2e.core.internal.Bundles - 	Entry: C:\Users\pc\.p2\pool\plugins\org.eclipse.m2e.maven.runtime_3.9.900.20240824-1409\jars\maven-resolver-provider-3.9.9.jar
2025-03-17 16:38:07,694 [Worker-48: Launching Executing test in C__Users_pc_programa_PlaySpot_PlaySpot_Eclipse_program] INFO  o.eclipse.m2e.core.internal.Bundles - 	Entry: C:\Users\pc\.p2\pool\plugins\org.eclipse.m2e.maven.runtime_3.9.900.20240824-1409\jars\maven-resolver-spi-1.9.22.jar
2025-03-17 16:38:07,694 [Worker-48: Launching Executing test in C__Users_pc_programa_PlaySpot_PlaySpot_Eclipse_program] INFO  o.eclipse.m2e.core.internal.Bundles - 	Entry: C:\Users\pc\.p2\pool\plugins\org.eclipse.m2e.maven.runtime_3.9.900.20240824-1409\jars\maven-resolver-transport-file-1.9.22.jar
2025-03-17 16:38:07,694 [Worker-48: Launching Executing test in C__Users_pc_programa_PlaySpot_PlaySpot_Eclipse_program] INFO  o.eclipse.m2e.core.internal.Bundles - 	Entry: C:\Users\pc\.p2\pool\plugins\org.eclipse.m2e.maven.runtime_3.9.900.20240824-1409\jars\maven-resolver-transport-http-1.9.22.jar
2025-03-17 16:38:07,695 [Worker-48: Launching Executing test in C__Users_pc_programa_PlaySpot_PlaySpot_Eclipse_program] INFO  o.eclipse.m2e.core.internal.Bundles - 	Entry: C:\Users\pc\.p2\pool\plugins\org.eclipse.m2e.maven.runtime_3.9.900.20240824-1409\jars\maven-resolver-transport-wagon-1.9.22.jar
2025-03-17 16:38:07,695 [Worker-48: Launching Executing test in C__Users_pc_programa_PlaySpot_PlaySpot_Eclipse_program] INFO  o.eclipse.m2e.core.internal.Bundles - 	Entry: C:\Users\pc\.p2\pool\plugins\org.eclipse.m2e.maven.runtime_3.9.900.20240824-1409\jars\maven-resolver-util-1.9.22.jar
2025-03-17 16:38:07,695 [Worker-48: Launching Executing test in C__Users_pc_programa_PlaySpot_PlaySpot_Eclipse_program] INFO  o.eclipse.m2e.core.internal.Bundles - 	Entry: C:\Users\pc\.p2\pool\plugins\org.eclipse.m2e.maven.runtime_3.9.900.20240824-1409\jars\maven-settings-3.9.9.jar
2025-03-17 16:38:07,695 [Worker-48: Launching Executing test in C__Users_pc_programa_PlaySpot_PlaySpot_Eclipse_program] INFO  o.eclipse.m2e.core.internal.Bundles - 	Entry: C:\Users\pc\.p2\pool\plugins\org.eclipse.m2e.maven.runtime_3.9.900.20240824-1409\jars\maven-settings-builder-3.9.9.jar
2025-03-17 16:38:07,695 [Worker-48: Launching Executing test in C__Users_pc_programa_PlaySpot_PlaySpot_Eclipse_program] INFO  o.eclipse.m2e.core.internal.Bundles - 	Entry: C:\Users\pc\.p2\pool\plugins\org.eclipse.m2e.maven.runtime_3.9.900.20240824-1409\jars\maven-shared-utils-3.4.2.jar
2025-03-17 16:38:07,695 [Worker-48: Launching Executing test in C__Users_pc_programa_PlaySpot_PlaySpot_Eclipse_program] INFO  o.eclipse.m2e.core.internal.Bundles - 	Entry: C:\Users\pc\.p2\pool\plugins\org.eclipse.m2e.maven.runtime_3.9.900.20240824-1409\jars\org.eclipse.sisu.inject-0.9.0.M3.jar
2025-03-17 16:38:07,695 [Worker-48: Launching Executing test in C__Users_pc_programa_PlaySpot_PlaySpot_Eclipse_program] INFO  o.eclipse.m2e.core.internal.Bundles - 	Entry: C:\Users\pc\.p2\pool\plugins\org.eclipse.m2e.maven.runtime_3.9.900.20240824-1409\jars\org.eclipse.sisu.plexus-0.9.0.M3.jar
2025-03-17 16:38:07,695 [Worker-48: Launching Executing test in C__Users_pc_programa_PlaySpot_PlaySpot_Eclipse_program] INFO  o.eclipse.m2e.core.internal.Bundles - 	Entry: C:\Users\pc\.p2\pool\plugins\org.eclipse.m2e.maven.runtime_3.9.900.20240824-1409\jars\plexus-build-api-0.0.7.jar
2025-03-17 16:38:07,695 [Worker-48: Launching Executing test in C__Users_pc_programa_PlaySpot_PlaySpot_Eclipse_program] INFO  o.eclipse.m2e.core.internal.Bundles - 	Entry: C:\Users\pc\.p2\pool\plugins\org.eclipse.m2e.maven.runtime_3.9.900.20240824-1409\jars\plexus-build-api-1.2.0.jar
2025-03-17 16:38:07,696 [Worker-48: Launching Executing test in C__Users_pc_programa_PlaySpot_PlaySpot_Eclipse_program] INFO  o.eclipse.m2e.core.internal.Bundles - 	Entry: C:\Users\pc\.p2\pool\plugins\org.eclipse.m2e.maven.runtime_3.9.900.20240824-1409\jars\plexus-cipher-2.0.jar
2025-03-17 16:38:07,696 [Worker-48: Launching Executing test in C__Users_pc_programa_PlaySpot_PlaySpot_Eclipse_program] INFO  o.eclipse.m2e.core.internal.Bundles - 	Entry: C:\Users\pc\.p2\pool\plugins\org.eclipse.m2e.maven.runtime_3.9.900.20240824-1409\jars\plexus-classworlds-2.8.0.jar
2025-03-17 16:38:07,696 [Worker-48: Launching Executing test in C__Users_pc_programa_PlaySpot_PlaySpot_Eclipse_program] INFO  o.eclipse.m2e.core.internal.Bundles - 	Entry: C:\Users\pc\.p2\pool\plugins\org.eclipse.m2e.maven.runtime_3.9.900.20240824-1409\jars\plexus-component-annotations-2.1.0.jar
2025-03-17 16:38:07,696 [Worker-48: Launching Executing test in C__Users_pc_programa_PlaySpot_PlaySpot_Eclipse_program] INFO  o.eclipse.m2e.core.internal.Bundles - 	Entry: C:\Users\pc\.p2\pool\plugins\org.eclipse.m2e.maven.runtime_3.9.900.20240824-1409\jars\plexus-interpolation-1.27.jar
2025-03-17 16:38:07,696 [Worker-48: Launching Executing test in C__Users_pc_programa_PlaySpot_PlaySpot_Eclipse_program] INFO  o.eclipse.m2e.core.internal.Bundles - 	Entry: C:\Users\pc\.p2\pool\plugins\org.eclipse.m2e.maven.runtime_3.9.900.20240824-1409\jars\plexus-sec-dispatcher-2.0.jar
2025-03-17 16:38:07,696 [Worker-48: Launching Executing test in C__Users_pc_programa_PlaySpot_PlaySpot_Eclipse_program] INFO  o.eclipse.m2e.core.internal.Bundles - 	Entry: C:\Users\pc\.p2\pool\plugins\org.eclipse.m2e.maven.runtime_3.9.900.20240824-1409\jars\plexus-utils-3.5.1.jar
2025-03-17 16:38:07,696 [Worker-48: Launching Executing test in C__Users_pc_programa_PlaySpot_PlaySpot_Eclipse_program] INFO  o.eclipse.m2e.core.internal.Bundles - 	Entry: C:\Users\pc\.p2\pool\plugins\org.eclipse.m2e.maven.runtime_3.9.900.20240824-1409\jars\plexus-xml-3.0.1.jar
2025-03-17 16:38:07,696 [Worker-48: Launching Executing test in C__Users_pc_programa_PlaySpot_PlaySpot_Eclipse_program] INFO  o.eclipse.m2e.core.internal.Bundles - 	Entry: C:\Users\pc\.p2\pool\plugins\org.eclipse.m2e.maven.runtime_3.9.900.20240824-1409\jars\wagon-file-3.5.3.jar
2025-03-17 16:38:07,696 [Worker-48: Launching Executing test in C__Users_pc_programa_PlaySpot_PlaySpot_Eclipse_program] INFO  o.eclipse.m2e.core.internal.Bundles - 	Entry: C:\Users\pc\.p2\pool\plugins\org.eclipse.m2e.maven.runtime_3.9.900.20240824-1409\jars\wagon-http-3.5.3.jar
2025-03-17 16:38:07,696 [Worker-48: Launching Executing test in C__Users_pc_programa_PlaySpot_PlaySpot_Eclipse_program] INFO  o.eclipse.m2e.core.internal.Bundles - 	Entry: C:\Users\pc\.p2\pool\plugins\org.eclipse.m2e.maven.runtime_3.9.900.20240824-1409\jars\wagon-http-shared-3.5.3.jar
2025-03-17 16:38:07,696 [Worker-48: Launching Executing test in C__Users_pc_programa_PlaySpot_PlaySpot_Eclipse_program] INFO  o.eclipse.m2e.core.internal.Bundles - 	Entry: C:\Users\pc\.p2\pool\plugins\org.eclipse.m2e.maven.runtime_3.9.900.20240824-1409\jars\wagon-provider-api-3.5.3.jar
2025-03-17 16:38:07,696 [Worker-48: Launching Executing test in C__Users_pc_programa_PlaySpot_PlaySpot_Eclipse_program] INFO  o.eclipse.m2e.core.internal.Bundles - getClasspathEntries(Bundle=com.google.guava_33.3.0.jre [10])
2025-03-17 16:38:07,697 [Worker-48: Launching Executing test in C__Users_pc_programa_PlaySpot_PlaySpot_Eclipse_program] INFO  o.eclipse.m2e.core.internal.Bundles - 	Entry: C:\Users\pc\.p2\pool\plugins\com.google.guava_33.3.0.jre.jar
2025-03-17 16:38:07,697 [Worker-48: Launching Executing test in C__Users_pc_programa_PlaySpot_PlaySpot_Eclipse_program] INFO  o.eclipse.m2e.core.internal.Bundles - getClasspathEntries(Bundle=slf4j.api_2.0.16 [519])
2025-03-17 16:38:07,697 [Worker-48: Launching Executing test in C__Users_pc_programa_PlaySpot_PlaySpot_Eclipse_program] INFO  o.eclipse.m2e.core.internal.Bundles - 	Entry: C:\Users\pc\.p2\pool\plugins\slf4j.api_2.0.16.jar
2025-03-17 16:38:07,697 [Worker-48: Launching Executing test in C__Users_pc_programa_PlaySpot_PlaySpot_Eclipse_program] INFO  o.eclipse.m2e.core.internal.Bundles - getClasspathEntries(Bundle=jakarta.inject.jakarta.inject-api_1.0.5 [22])
2025-03-17 16:38:07,697 [Worker-48: Launching Executing test in C__Users_pc_programa_PlaySpot_PlaySpot_Eclipse_program] INFO  o.eclipse.m2e.core.internal.Bundles - 	Entry: C:\Users\pc\.p2\pool\plugins\jakarta.inject.jakarta.inject-api_1.0.5.jar
2025-03-17 16:38:07,697 [Worker-48: Launching Executing test in C__Users_pc_programa_PlaySpot_PlaySpot_Eclipse_program] INFO  o.eclipse.m2e.core.internal.Bundles - getClasspathEntries(Bundle=jakarta.annotation-api_1.3.5 [20])
2025-03-17 16:38:07,698 [Worker-48: Launching Executing test in C__Users_pc_programa_PlaySpot_PlaySpot_Eclipse_program] INFO  o.eclipse.m2e.core.internal.Bundles - 	Entry: C:\Users\pc\.p2\pool\plugins\jakarta.annotation-api_1.3.5.jar
2025-03-17 16:38:07,698 [Worker-48: Launching Executing test in C__Users_pc_programa_PlaySpot_PlaySpot_Eclipse_program] INFO  o.eclipse.m2e.core.internal.Bundles - getClasspathEntries(Bundle=org.apache.commons.cli_1.9.0 [47])
2025-03-17 16:38:07,698 [Worker-48: Launching Executing test in C__Users_pc_programa_PlaySpot_PlaySpot_Eclipse_program] INFO  o.eclipse.m2e.core.internal.Bundles - 	Entry: C:\Users\pc\.p2\pool\plugins\org.apache.commons.cli_1.9.0.jar
2025-03-17 16:38:07,698 [Worker-48: Launching Executing test in C__Users_pc_programa_PlaySpot_PlaySpot_Eclipse_program] INFO  o.eclipse.m2e.core.internal.Bundles - getClasspathEntries(Bundle=org.apache.commons.commons-codec_1.16.0 [50])
2025-03-17 16:38:07,698 [Worker-48: Launching Executing test in C__Users_pc_programa_PlaySpot_PlaySpot_Eclipse_program] INFO  o.eclipse.m2e.core.internal.Bundles - 	Entry: C:\Users\pc\.p2\pool\plugins\org.apache.commons.commons-codec_1.16.0.jar
2025-03-17 16:38:07,698 [Worker-48: Launching Executing test in C__Users_pc_programa_PlaySpot_PlaySpot_Eclipse_program] INFO  o.eclipse.m2e.core.internal.Bundles - getClasspathEntries(Bundle=com.google.guava.failureaccess_1.0.2 [11])
2025-03-17 16:38:07,698 [Worker-48: Launching Executing test in C__Users_pc_programa_PlaySpot_PlaySpot_Eclipse_program] INFO  o.eclipse.m2e.core.internal.Bundles - 	Entry: C:\Users\pc\.p2\pool\plugins\com.google.guava.failureaccess_1.0.2.jar
2025-03-17 16:38:07,699 [Worker-48: Launching Executing test in C__Users_pc_programa_PlaySpot_PlaySpot_Eclipse_program] INFO  o.e.m.i.launch.MavenLaunchDelegate - Run build in "C:\Users\pc\programa\PlaySpot\PlaySpot_Eclipse\program":
2025-03-17 16:38:07,699 [Worker-48: Launching Executing test in C__Users_pc_programa_PlaySpot_PlaySpot_Eclipse_program] INFO  o.e.m.i.launch.MavenLaunchDelegate -  mvn  -B -Dstyle.color=always test
2025-03-17 16:38:45,534 [Worker-50: Launching Executing install in C__Users_pc_programa_PlaySpot_PlaySpot_Eclipse_program] INFO  o.eclipse.m2e.core.internal.Bundles - getClasspathEntries(Bundle=org.eclipse.m2e.maven.runtime_3.9.900.20240824-1409 [297])
2025-03-17 16:38:45,535 [Worker-50: Launching Executing install in C__Users_pc_programa_PlaySpot_PlaySpot_Eclipse_program] INFO  o.eclipse.m2e.core.internal.Bundles - 	Entry: C:\Users\pc\.p2\pool\plugins\org.eclipse.m2e.maven.runtime_3.9.900.20240824-1409
2025-03-17 16:38:45,535 [Worker-50: Launching Executing install in C__Users_pc_programa_PlaySpot_PlaySpot_Eclipse_program] INFO  o.eclipse.m2e.core.internal.Bundles - 	Entry: C:\Users\pc\.p2\pool\plugins\org.eclipse.m2e.maven.runtime_3.9.900.20240824-1409\jars\aopalliance-1.0.jar
2025-03-17 16:38:45,535 [Worker-50: Launching Executing install in C__Users_pc_programa_PlaySpot_PlaySpot_Eclipse_program] INFO  o.eclipse.m2e.core.internal.Bundles - 	Entry: C:\Users\pc\.p2\pool\plugins\org.eclipse.m2e.maven.runtime_3.9.900.20240824-1409\jars\guice-5.1.0.jar
2025-03-17 16:38:45,535 [Worker-50: Launching Executing install in C__Users_pc_programa_PlaySpot_PlaySpot_Eclipse_program] INFO  o.eclipse.m2e.core.internal.Bundles - 	Entry: C:\Users\pc\.p2\pool\plugins\org.eclipse.m2e.maven.runtime_3.9.900.20240824-1409\jars\httpclient-4.5.14.jar
2025-03-17 16:38:45,535 [Worker-50: Launching Executing install in C__Users_pc_programa_PlaySpot_PlaySpot_Eclipse_program] INFO  o.eclipse.m2e.core.internal.Bundles - 	Entry: C:\Users\pc\.p2\pool\plugins\org.eclipse.m2e.maven.runtime_3.9.900.20240824-1409\jars\httpcore-4.4.16.jar
2025-03-17 16:38:45,535 [Worker-50: Launching Executing install in C__Users_pc_programa_PlaySpot_PlaySpot_Eclipse_program] INFO  o.eclipse.m2e.core.internal.Bundles - 	Entry: C:\Users\pc\.p2\pool\plugins\org.eclipse.m2e.maven.runtime_3.9.900.20240824-1409\jars\jansi-2.4.1.jar
2025-03-17 16:38:45,535 [Worker-50: Launching Executing install in C__Users_pc_programa_PlaySpot_PlaySpot_Eclipse_program] INFO  o.eclipse.m2e.core.internal.Bundles - 	Entry: C:\Users\pc\.p2\pool\plugins\org.eclipse.m2e.maven.runtime_3.9.900.20240824-1409\jars\jcl-over-slf4j-1.7.36.jar
2025-03-17 16:38:45,535 [Worker-50: Launching Executing install in C__Users_pc_programa_PlaySpot_PlaySpot_Eclipse_program] INFO  o.eclipse.m2e.core.internal.Bundles - 	Entry: C:\Users\pc\.p2\pool\plugins\org.eclipse.m2e.maven.runtime_3.9.900.20240824-1409\jars\maven-artifact-3.9.9.jar
2025-03-17 16:38:45,535 [Worker-50: Launching Executing install in C__Users_pc_programa_PlaySpot_PlaySpot_Eclipse_program] INFO  o.eclipse.m2e.core.internal.Bundles - 	Entry: C:\Users\pc\.p2\pool\plugins\org.eclipse.m2e.maven.runtime_3.9.900.20240824-1409\jars\maven-builder-support-3.9.9.jar
2025-03-17 16:38:45,536 [Worker-50: Launching Executing install in C__Users_pc_programa_PlaySpot_PlaySpot_Eclipse_program] INFO  o.eclipse.m2e.core.internal.Bundles - 	Entry: C:\Users\pc\.p2\pool\plugins\org.eclipse.m2e.maven.runtime_3.9.900.20240824-1409\jars\maven-compat-3.9.9.jar
2025-03-17 16:38:45,536 [Worker-50: Launching Executing install in C__Users_pc_programa_PlaySpot_PlaySpot_Eclipse_program] INFO  o.eclipse.m2e.core.internal.Bundles - 	Entry: C:\Users\pc\.p2\pool\plugins\org.eclipse.m2e.maven.runtime_3.9.900.20240824-1409\jars\maven-core-3.9.9.jar
2025-03-17 16:38:45,536 [Worker-50: Launching Executing install in C__Users_pc_programa_PlaySpot_PlaySpot_Eclipse_program] INFO  o.eclipse.m2e.core.internal.Bundles - 	Entry: C:\Users\pc\.p2\pool\plugins\org.eclipse.m2e.maven.runtime_3.9.900.20240824-1409\jars\maven-embedder-3.9.9.jar
2025-03-17 16:38:45,536 [Worker-50: Launching Executing install in C__Users_pc_programa_PlaySpot_PlaySpot_Eclipse_program] INFO  o.eclipse.m2e.core.internal.Bundles - 	Entry: C:\Users\pc\.p2\pool\plugins\org.eclipse.m2e.maven.runtime_3.9.900.20240824-1409\jars\maven-model-3.9.9.jar
2025-03-17 16:38:45,536 [Worker-50: Launching Executing install in C__Users_pc_programa_PlaySpot_PlaySpot_Eclipse_program] INFO  o.eclipse.m2e.core.internal.Bundles - 	Entry: C:\Users\pc\.p2\pool\plugins\org.eclipse.m2e.maven.runtime_3.9.900.20240824-1409\jars\maven-model-builder-3.9.9.jar
2025-03-17 16:38:45,536 [Worker-50: Launching Executing install in C__Users_pc_programa_PlaySpot_PlaySpot_Eclipse_program] INFO  o.eclipse.m2e.core.internal.Bundles - 	Entry: C:\Users\pc\.p2\pool\plugins\org.eclipse.m2e.maven.runtime_3.9.900.20240824-1409\jars\maven-plugin-api-3.9.9.jar
2025-03-17 16:38:45,536 [Worker-50: Launching Executing install in C__Users_pc_programa_PlaySpot_PlaySpot_Eclipse_program] INFO  o.eclipse.m2e.core.internal.Bundles - 	Entry: C:\Users\pc\.p2\pool\plugins\org.eclipse.m2e.maven.runtime_3.9.900.20240824-1409\jars\maven-repository-metadata-3.9.9.jar
2025-03-17 16:38:45,536 [Worker-50: Launching Executing install in C__Users_pc_programa_PlaySpot_PlaySpot_Eclipse_program] INFO  o.eclipse.m2e.core.internal.Bundles - 	Entry: C:\Users\pc\.p2\pool\plugins\org.eclipse.m2e.maven.runtime_3.9.900.20240824-1409\jars\maven-resolver-api-1.9.22.jar
2025-03-17 16:38:45,536 [Worker-50: Launching Executing install in C__Users_pc_programa_PlaySpot_PlaySpot_Eclipse_program] INFO  o.eclipse.m2e.core.internal.Bundles - 	Entry: C:\Users\pc\.p2\pool\plugins\org.eclipse.m2e.maven.runtime_3.9.900.20240824-1409\jars\maven-resolver-connector-basic-1.9.22.jar
2025-03-17 16:38:45,537 [Worker-50: Launching Executing install in C__Users_pc_programa_PlaySpot_PlaySpot_Eclipse_program] INFO  o.eclipse.m2e.core.internal.Bundles - 	Entry: C:\Users\pc\.p2\pool\plugins\org.eclipse.m2e.maven.runtime_3.9.900.20240824-1409\jars\maven-resolver-impl-1.9.22.jar
2025-03-17 16:38:45,537 [Worker-50: Launching Executing install in C__Users_pc_programa_PlaySpot_PlaySpot_Eclipse_program] INFO  o.eclipse.m2e.core.internal.Bundles - 	Entry: C:\Users\pc\.p2\pool\plugins\org.eclipse.m2e.maven.runtime_3.9.900.20240824-1409\jars\maven-resolver-named-locks-1.9.22.jar
2025-03-17 16:38:45,537 [Worker-50: Launching Executing install in C__Users_pc_programa_PlaySpot_PlaySpot_Eclipse_program] INFO  o.eclipse.m2e.core.internal.Bundles - 	Entry: C:\Users\pc\.p2\pool\plugins\org.eclipse.m2e.maven.runtime_3.9.900.20240824-1409\jars\maven-resolver-provider-3.9.9.jar
2025-03-17 16:38:45,537 [Worker-50: Launching Executing install in C__Users_pc_programa_PlaySpot_PlaySpot_Eclipse_program] INFO  o.eclipse.m2e.core.internal.Bundles - 	Entry: C:\Users\pc\.p2\pool\plugins\org.eclipse.m2e.maven.runtime_3.9.900.20240824-1409\jars\maven-resolver-spi-1.9.22.jar
2025-03-17 16:38:45,537 [Worker-50: Launching Executing install in C__Users_pc_programa_PlaySpot_PlaySpot_Eclipse_program] INFO  o.eclipse.m2e.core.internal.Bundles - 	Entry: C:\Users\pc\.p2\pool\plugins\org.eclipse.m2e.maven.runtime_3.9.900.20240824-1409\jars\maven-resolver-transport-file-1.9.22.jar
2025-03-17 16:38:45,537 [Worker-50: Launching Executing install in C__Users_pc_programa_PlaySpot_PlaySpot_Eclipse_program] INFO  o.eclipse.m2e.core.internal.Bundles - 	Entry: C:\Users\pc\.p2\pool\plugins\org.eclipse.m2e.maven.runtime_3.9.900.20240824-1409\jars\maven-resolver-transport-http-1.9.22.jar
2025-03-17 16:38:45,537 [Worker-50: Launching Executing install in C__Users_pc_programa_PlaySpot_PlaySpot_Eclipse_program] INFO  o.eclipse.m2e.core.internal.Bundles - 	Entry: C:\Users\pc\.p2\pool\plugins\org.eclipse.m2e.maven.runtime_3.9.900.20240824-1409\jars\maven-resolver-transport-wagon-1.9.22.jar
2025-03-17 16:38:45,537 [Worker-50: Launching Executing install in C__Users_pc_programa_PlaySpot_PlaySpot_Eclipse_program] INFO  o.eclipse.m2e.core.internal.Bundles - 	Entry: C:\Users\pc\.p2\pool\plugins\org.eclipse.m2e.maven.runtime_3.9.900.20240824-1409\jars\maven-resolver-util-1.9.22.jar
2025-03-17 16:38:45,537 [Worker-50: Launching Executing install in C__Users_pc_programa_PlaySpot_PlaySpot_Eclipse_program] INFO  o.eclipse.m2e.core.internal.Bundles - 	Entry: C:\Users\pc\.p2\pool\plugins\org.eclipse.m2e.maven.runtime_3.9.900.20240824-1409\jars\maven-settings-3.9.9.jar
2025-03-17 16:38:45,537 [Worker-50: Launching Executing install in C__Users_pc_programa_PlaySpot_PlaySpot_Eclipse_program] INFO  o.eclipse.m2e.core.internal.Bundles - 	Entry: C:\Users\pc\.p2\pool\plugins\org.eclipse.m2e.maven.runtime_3.9.900.20240824-1409\jars\maven-settings-builder-3.9.9.jar
2025-03-17 16:38:45,538 [Worker-50: Launching Executing install in C__Users_pc_programa_PlaySpot_PlaySpot_Eclipse_program] INFO  o.eclipse.m2e.core.internal.Bundles - 	Entry: C:\Users\pc\.p2\pool\plugins\org.eclipse.m2e.maven.runtime_3.9.900.20240824-1409\jars\maven-shared-utils-3.4.2.jar
2025-03-17 16:38:45,538 [Worker-50: Launching Executing install in C__Users_pc_programa_PlaySpot_PlaySpot_Eclipse_program] INFO  o.eclipse.m2e.core.internal.Bundles - 	Entry: C:\Users\pc\.p2\pool\plugins\org.eclipse.m2e.maven.runtime_3.9.900.20240824-1409\jars\org.eclipse.sisu.inject-0.9.0.M3.jar
2025-03-17 16:38:45,538 [Worker-50: Launching Executing install in C__Users_pc_programa_PlaySpot_PlaySpot_Eclipse_program] INFO  o.eclipse.m2e.core.internal.Bundles - 	Entry: C:\Users\pc\.p2\pool\plugins\org.eclipse.m2e.maven.runtime_3.9.900.20240824-1409\jars\org.eclipse.sisu.plexus-0.9.0.M3.jar
2025-03-17 16:38:45,538 [Worker-50: Launching Executing install in C__Users_pc_programa_PlaySpot_PlaySpot_Eclipse_program] INFO  o.eclipse.m2e.core.internal.Bundles - 	Entry: C:\Users\pc\.p2\pool\plugins\org.eclipse.m2e.maven.runtime_3.9.900.20240824-1409\jars\plexus-build-api-0.0.7.jar
2025-03-17 16:38:45,538 [Worker-50: Launching Executing install in C__Users_pc_programa_PlaySpot_PlaySpot_Eclipse_program] INFO  o.eclipse.m2e.core.internal.Bundles - 	Entry: C:\Users\pc\.p2\pool\plugins\org.eclipse.m2e.maven.runtime_3.9.900.20240824-1409\jars\plexus-build-api-1.2.0.jar
2025-03-17 16:38:45,538 [Worker-50: Launching Executing install in C__Users_pc_programa_PlaySpot_PlaySpot_Eclipse_program] INFO  o.eclipse.m2e.core.internal.Bundles - 	Entry: C:\Users\pc\.p2\pool\plugins\org.eclipse.m2e.maven.runtime_3.9.900.20240824-1409\jars\plexus-cipher-2.0.jar
2025-03-17 16:38:45,538 [Worker-50: Launching Executing install in C__Users_pc_programa_PlaySpot_PlaySpot_Eclipse_program] INFO  o.eclipse.m2e.core.internal.Bundles - 	Entry: C:\Users\pc\.p2\pool\plugins\org.eclipse.m2e.maven.runtime_3.9.900.20240824-1409\jars\plexus-classworlds-2.8.0.jar
2025-03-17 16:38:45,538 [Worker-50: Launching Executing install in C__Users_pc_programa_PlaySpot_PlaySpot_Eclipse_program] INFO  o.eclipse.m2e.core.internal.Bundles - 	Entry: C:\Users\pc\.p2\pool\plugins\org.eclipse.m2e.maven.runtime_3.9.900.20240824-1409\jars\plexus-component-annotations-2.1.0.jar
2025-03-17 16:38:45,538 [Worker-50: Launching Executing install in C__Users_pc_programa_PlaySpot_PlaySpot_Eclipse_program] INFO  o.eclipse.m2e.core.internal.Bundles - 	Entry: C:\Users\pc\.p2\pool\plugins\org.eclipse.m2e.maven.runtime_3.9.900.20240824-1409\jars\plexus-interpolation-1.27.jar
2025-03-17 16:38:45,538 [Worker-50: Launching Executing install in C__Users_pc_programa_PlaySpot_PlaySpot_Eclipse_program] INFO  o.eclipse.m2e.core.internal.Bundles - 	Entry: C:\Users\pc\.p2\pool\plugins\org.eclipse.m2e.maven.runtime_3.9.900.20240824-1409\jars\plexus-sec-dispatcher-2.0.jar
2025-03-17 16:38:45,539 [Worker-50: Launching Executing install in C__Users_pc_programa_PlaySpot_PlaySpot_Eclipse_program] INFO  o.eclipse.m2e.core.internal.Bundles - 	Entry: C:\Users\pc\.p2\pool\plugins\org.eclipse.m2e.maven.runtime_3.9.900.20240824-1409\jars\plexus-utils-3.5.1.jar
2025-03-17 16:38:45,539 [Worker-50: Launching Executing install in C__Users_pc_programa_PlaySpot_PlaySpot_Eclipse_program] INFO  o.eclipse.m2e.core.internal.Bundles - 	Entry: C:\Users\pc\.p2\pool\plugins\org.eclipse.m2e.maven.runtime_3.9.900.20240824-1409\jars\plexus-xml-3.0.1.jar
2025-03-17 16:38:45,539 [Worker-50: Launching Executing install in C__Users_pc_programa_PlaySpot_PlaySpot_Eclipse_program] INFO  o.eclipse.m2e.core.internal.Bundles - 	Entry: C:\Users\pc\.p2\pool\plugins\org.eclipse.m2e.maven.runtime_3.9.900.20240824-1409\jars\wagon-file-3.5.3.jar
2025-03-17 16:38:45,539 [Worker-50: Launching Executing install in C__Users_pc_programa_PlaySpot_PlaySpot_Eclipse_program] INFO  o.eclipse.m2e.core.internal.Bundles - 	Entry: C:\Users\pc\.p2\pool\plugins\org.eclipse.m2e.maven.runtime_3.9.900.20240824-1409\jars\wagon-http-3.5.3.jar
2025-03-17 16:38:45,539 [Worker-50: Launching Executing install in C__Users_pc_programa_PlaySpot_PlaySpot_Eclipse_program] INFO  o.eclipse.m2e.core.internal.Bundles - 	Entry: C:\Users\pc\.p2\pool\plugins\org.eclipse.m2e.maven.runtime_3.9.900.20240824-1409\jars\wagon-http-shared-3.5.3.jar
2025-03-17 16:38:45,539 [Worker-50: Launching Executing install in C__Users_pc_programa_PlaySpot_PlaySpot_Eclipse_program] INFO  o.eclipse.m2e.core.internal.Bundles - 	Entry: C:\Users\pc\.p2\pool\plugins\org.eclipse.m2e.maven.runtime_3.9.900.20240824-1409\jars\wagon-provider-api-3.5.3.jar
2025-03-17 16:38:45,539 [Worker-50: Launching Executing install in C__Users_pc_programa_PlaySpot_PlaySpot_Eclipse_program] INFO  o.eclipse.m2e.core.internal.Bundles - getClasspathEntries(Bundle=com.google.guava_33.3.0.jre [10])
2025-03-17 16:38:45,540 [Worker-50: Launching Executing install in C__Users_pc_programa_PlaySpot_PlaySpot_Eclipse_program] INFO  o.eclipse.m2e.core.internal.Bundles - 	Entry: C:\Users\pc\.p2\pool\plugins\com.google.guava_33.3.0.jre.jar
2025-03-17 16:38:45,540 [Worker-50: Launching Executing install in C__Users_pc_programa_PlaySpot_PlaySpot_Eclipse_program] INFO  o.eclipse.m2e.core.internal.Bundles - getClasspathEntries(Bundle=slf4j.api_2.0.16 [519])
2025-03-17 16:38:45,540 [Worker-50: Launching Executing install in C__Users_pc_programa_PlaySpot_PlaySpot_Eclipse_program] INFO  o.eclipse.m2e.core.internal.Bundles - 	Entry: C:\Users\pc\.p2\pool\plugins\slf4j.api_2.0.16.jar
2025-03-17 16:38:45,540 [Worker-50: Launching Executing install in C__Users_pc_programa_PlaySpot_PlaySpot_Eclipse_program] INFO  o.eclipse.m2e.core.internal.Bundles - getClasspathEntries(Bundle=jakarta.inject.jakarta.inject-api_1.0.5 [22])
2025-03-17 16:38:45,540 [Worker-50: Launching Executing install in C__Users_pc_programa_PlaySpot_PlaySpot_Eclipse_program] INFO  o.eclipse.m2e.core.internal.Bundles - 	Entry: C:\Users\pc\.p2\pool\plugins\jakarta.inject.jakarta.inject-api_1.0.5.jar
2025-03-17 16:38:45,540 [Worker-50: Launching Executing install in C__Users_pc_programa_PlaySpot_PlaySpot_Eclipse_program] INFO  o.eclipse.m2e.core.internal.Bundles - getClasspathEntries(Bundle=jakarta.annotation-api_1.3.5 [20])
2025-03-17 16:38:45,540 [Worker-50: Launching Executing install in C__Users_pc_programa_PlaySpot_PlaySpot_Eclipse_program] INFO  o.eclipse.m2e.core.internal.Bundles - 	Entry: C:\Users\pc\.p2\pool\plugins\jakarta.annotation-api_1.3.5.jar
2025-03-17 16:38:45,540 [Worker-50: Launching Executing install in C__Users_pc_programa_PlaySpot_PlaySpot_Eclipse_program] INFO  o.eclipse.m2e.core.internal.Bundles - getClasspathEntries(Bundle=org.apache.commons.cli_1.9.0 [47])
2025-03-17 16:38:45,540 [Worker-50: Launching Executing install in C__Users_pc_programa_PlaySpot_PlaySpot_Eclipse_program] INFO  o.eclipse.m2e.core.internal.Bundles - 	Entry: C:\Users\pc\.p2\pool\plugins\org.apache.commons.cli_1.9.0.jar
2025-03-17 16:38:45,540 [Worker-50: Launching Executing install in C__Users_pc_programa_PlaySpot_PlaySpot_Eclipse_program] INFO  o.eclipse.m2e.core.internal.Bundles - getClasspathEntries(Bundle=org.apache.commons.commons-codec_1.16.0 [50])
2025-03-17 16:38:45,541 [Worker-50: Launching Executing install in C__Users_pc_programa_PlaySpot_PlaySpot_Eclipse_program] INFO  o.eclipse.m2e.core.internal.Bundles - 	Entry: C:\Users\pc\.p2\pool\plugins\org.apache.commons.commons-codec_1.16.0.jar
2025-03-17 16:38:45,541 [Worker-50: Launching Executing install in C__Users_pc_programa_PlaySpot_PlaySpot_Eclipse_program] INFO  o.eclipse.m2e.core.internal.Bundles - getClasspathEntries(Bundle=com.google.guava.failureaccess_1.0.2 [11])
2025-03-17 16:38:45,541 [Worker-50: Launching Executing install in C__Users_pc_programa_PlaySpot_PlaySpot_Eclipse_program] INFO  o.eclipse.m2e.core.internal.Bundles - 	Entry: C:\Users\pc\.p2\pool\plugins\com.google.guava.failureaccess_1.0.2.jar
2025-03-17 16:38:45,542 [Worker-50: Launching Executing install in C__Users_pc_programa_PlaySpot_PlaySpot_Eclipse_program] INFO  o.e.m.i.launch.MavenLaunchDelegate - Run build in "C:\Users\pc\programa\PlaySpot\PlaySpot_Eclipse\program":
2025-03-17 16:38:45,542 [Worker-50: Launching Executing install in C__Users_pc_programa_PlaySpot_PlaySpot_Eclipse_program] INFO  o.e.m.i.launch.MavenLaunchDelegate -  mvn  -B -Dstyle.color=always install
2025-03-17 16:42:36,976 [Worker-48: Building] INFO  o.a.m.s.f.DefaultMavenResourcesFiltering - Copying 1 resource from src\main\resources to target\classes
2025-03-17 16:42:36,980 [Worker-48: Building] INFO  o.a.m.s.f.DefaultMavenResourcesFiltering - Copying 0 resource from src\main\resources to target\classes
2025-03-17 16:42:36,982 [Worker-48: Building] INFO  o.a.m.s.f.DefaultMavenResourcesFiltering - skip non existing resourceDirectory C:\Users\pc\programa\PlaySpot\PlaySpot_Eclipse\program\src\test\resources
2025-03-17 16:42:52,332 [Worker-50: Building] INFO  o.a.m.s.f.DefaultMavenResourcesFiltering - Copying 1 resource from src\main\resources to target\classes
2025-03-17 16:42:52,339 [Worker-50: Building] INFO  o.a.m.s.f.DefaultMavenResourcesFiltering - Copying 0 resource from src\main\resources to target\classes
2025-03-17 16:42:52,342 [Worker-50: Building] INFO  o.a.m.s.f.DefaultMavenResourcesFiltering - skip non existing resourceDirectory C:\Users\pc\programa\PlaySpot\PlaySpot_Eclipse\program\src\test\resources
2025-03-17 16:44:33,271 [Worker-50: Building] INFO  o.a.m.s.f.DefaultMavenResourcesFiltering - Copying 1 resource from src\main\resources to target\classes
2025-03-17 16:44:33,274 [Worker-50: Building] INFO  o.a.m.s.f.DefaultMavenResourcesFiltering - Copying 0 resource from src\main\resources to target\classes
2025-03-17 16:44:33,276 [Worker-50: Building] INFO  o.a.m.s.f.DefaultMavenResourcesFiltering - skip non existing resourceDirectory C:\Users\pc\programa\PlaySpot\PlaySpot_Eclipse\program\src\test\resources
2025-03-17 16:44:41,381 [Worker-50: Building] INFO  o.a.m.s.f.DefaultMavenResourcesFiltering - Copying 1 resource from src\main\resources to target\classes
2025-03-17 16:44:41,383 [Worker-50: Building] INFO  o.a.m.s.f.DefaultMavenResourcesFiltering - Copying 0 resource from src\main\resources to target\classes
2025-03-17 16:44:41,384 [Worker-50: Building] INFO  o.a.m.s.f.DefaultMavenResourcesFiltering - skip non existing resourceDirectory C:\Users\pc\programa\PlaySpot\PlaySpot_Eclipse\program\src\test\resources
